<?xml version="1.0" encoding="UTF-8"?>
<testng-results ignored="0" total="1" passed="1" failed="0" skipped="0">
  <reporter-output>
  </reporter-output>
  <suite started-at="2026-06-18T10:49:08 IST" name="Suite" finished-at="2026-06-18T10:49:08 IST" duration-ms="75">
    <groups>
      <group name="regression">
        <method signature="Demo1Test.movie1Test()[pri:0, instance:demo.Demo1Test@1d2adfbe]" name="movie1Test" class="demo.Demo1Test"/>
      </group> <!-- regression -->
    </groups>
    <test started-at="2026-06-18T10:49:08 IST" name="Test" finished-at="2026-06-18T10:49:08 IST" duration-ms="75">
      <class name="demo.Demo1Test">
        <test-method signature="movie1Test()[pri:0, instance:demo.Demo1Test@1d2adfbe]" started-at="2026-06-18T10:49:08 IST" name="movie1Test" finished-at="2026-06-18T10:49:08 IST" duration-ms="14" status="PASS">
          <reporter-output>
          </reporter-output>
        </test-method> <!-- movie1Test -->
      </class> <!-- demo.Demo1Test -->
    </test> <!-- Test -->
  </suite> <!-- Suite -->
</testng-results>
